mongo uses an image, skipping
Building api
#0 building with "default" instance using docker driver

#1 [internal] load build definition from Dockerfile
#1 transferring dockerfile: 170B done
#1 DONE 0.0s

#2 [internal] load metadata for docker.io/library/node:10-alpine
#2 DONE 0.3s

#3 [internal] load .dockerignore
#3 transferring context: 2B done
#3 DONE 0.0s

#4 [1/5] FROM docker.io/library/node:10-alpine@sha256:dc98dac24efd4254f75976c40bce46944697a110d06ce7fa47e7268470cf2e28
#4 DONE 0.0s

#5 [internal] load build context
#5 transferring context: 287B done
#5 DONE 0.0s

#6 [2/5] WORKDIR /usr/src/app
#6 CACHED

#7 [3/5] COPY package*.json ./
#7 CACHED

#8 [4/5] RUN npm install
#8 CACHED

#9 [5/5] COPY . .
#9 CACHED

#10 exporting to image
#10 exporting layers done
#10 writing image sha256:844b6b7b219e02ca83634de9eb3e6511c247a7f5a3cd09dc9b433412526ba796 done
#10 naming to docker.io/library/node-api-mongo-app_api done
#10 DONE 0.0s
Successfully built 844b6b7b219e02ca83634de9eb3e6511c247a7f5a3cd09dc9b433412526ba796
Building web
#0 building with "default" instance using docker driver

#1 [internal] load build definition from Dockerfile
#1 transferring dockerfile: 320B done
#1 DONE 0.0s

#2 [internal] load metadata for docker.io/library/node:14-alpine
#2 DONE 0.1s

#3 [internal] load .dockerignore
#3 transferring context: 123B done
#3 DONE 0.0s

#4 [1/5] FROM docker.io/library/node:14-alpine@sha256:434215b487a329c9e867202ff89e704d3a75e554822e07f3e0c0f9e606121b33
#4 DONE 0.0s

#5 [internal] load build context
#5 transferring context: 914B 0.0s done
#5 DONE 0.0s

#6 [4/5] RUN npm install
#6 CACHED

#7 [2/5] WORKDIR /app
#7 CACHED

#8 [3/5] COPY package*.json ./
#8 CACHED

#9 [5/5] COPY . .
#9 CACHED

#10 exporting to image
#10 exporting layers done
#10 writing image sha256:74798ade03f0a3a513f6264ac06e94a5d3b22878d2b12e0863bd2df8fb9b4410 done
#10 naming to docker.io/library/node-api-mongo-app_web done
#10 DONE 0.0s

 [33m1 warning found (use docker --debug to expand):
[0m - LegacyKeyValueFormat: "ENV key=value" should be used instead of legacy "ENV key value" format (line 6)
Successfully built 74798ade03f0a3a513f6264ac06e94a5d3b22878d2b12e0863bd2df8fb9b4410
Creating network "node-api-mongo-app_network-backend" with the default driver
Creating node-api-mongo-app_mongo_1 ... 
Creating node-api-mongo-app_mongo_1 ... done
Creating node-api-mongo-app_api_1   ... 
Creating node-api-mongo-app_api_1   ... done
Creating node-api-mongo-app_web_1   ... 
Creating node-api-mongo-app_web_1   ... done
